DEBUG (0.002) SELECT `django_session`.`session_key`, `django_session`.`session_data`, `django_session`.`expire_date` FROM `django_session` WHERE (`django_session`.`session_key` = 'os1zyb98u8p5iriczwmkj8oq2u2p41rg'  AND `django_session`.`expire_date` > '2014-01-24 06:24:56' ); args=('os1zyb98u8p5iriczwmkj8oq2u2p41rg', u'2014-01-24 06:24:56')
DEBUG -1
ERROR Internal Server Error: /login
Traceback (most recent call last):
  File "C:\Python27\lib\site-packages\django\core\handlers\base.py", line 90, in get_response
    response = middleware_method(request)
  File "C:\Python27\lib\site-packages\django\middleware\common.py", line 71, in process_request
    if (not urlresolvers.is_valid_path(request.path_info, urlconf) and
  File "C:\Python27\lib\site-packages\django\core\urlresolvers.py", line 573, in is_valid_path
    resolve(path, urlconf)
  File "C:\Python27\lib\site-packages\django\core\urlresolvers.py", line 453, in resolve
    return get_resolver(urlconf).resolve(path)
  File "C:\Python27\lib\site-packages\django\core\urlresolvers.py", line 320, in resolve
    sub_match = pattern.resolve(new_path)
  File "C:\Python27\lib\site-packages\django\core\urlresolvers.py", line 222, in resolve
    return ResolverMatch(self.callback, args, kwargs, self.name)
  File "C:\Python27\lib\site-packages\django\core\urlresolvers.py", line 229, in callback
    self._callback = get_callable(self._callback_str)
  File "C:\Python27\lib\site-packages\django\utils\functional.py", line 32, in wrapper
    result = func(*args)
  File "C:\Python27\lib\site-packages\django\core\urlresolvers.py", line 96, in get_callable
    mod = import_module(mod_name)
  File "C:\Python27\lib\site-packages\django\utils\importlib.py", line 40, in import_module
    __import__(name)
  File "E:\Projects\Github\DjDemo\core\views.py", line 33
SyntaxError: Non-ASCII character '\xe6' in file E:\Projects\Github\DjDemo\core\views.py on line 33, but no encoding declared; see http://www.python.org/peps/pep-0263.html for details
DEBUG (0.000) SELECT `django_session`.`session_key`, `django_session`.`session_data`, `django_session`.`expire_date` FROM `django_session` WHERE (`django_session`.`session_key` = 'os1zyb98u8p5iriczwmkj8oq2u2p41rg'  AND `django_session`.`expire_date` > '2014-01-24 07:27:50' ); args=('os1zyb98u8p5iriczwmkj8oq2u2p41rg', u'2014-01-24 07:27:50')
DEBUG -1
DEBUG (0.001) SELECT `django_session`.`session_key`, `django_session`.`session_data`, `django_session`.`expire_date` FROM `django_session` WHERE (`django_session`.`session_key` = 'os1zyb98u8p5iriczwmkj8oq2u2p41rg'  AND `django_session`.`expire_date` > '2014-01-24 07:29:18' ); args=('os1zyb98u8p5iriczwmkj8oq2u2p41rg', u'2014-01-24 07:29:18')
DEBUG -1
DEBUG (0.017) SELECT `django_session`.`session_key`, `django_session`.`session_data`, `django_session`.`expire_date` FROM `django_session` WHERE (`django_session`.`session_key` = 'os1zyb98u8p5iriczwmkj8oq2u2p41rg'  AND `django_session`.`expire_date` > '2014-01-24 07:29:25' ); args=('os1zyb98u8p5iriczwmkj8oq2u2p41rg', u'2014-01-24 07:29:25')
DEBUG (0.583) SELECT `core_member`.`id`, `core_member`.`username`, `core_member`.`password`, `core_member`.`email`, `core_member`.`status`, `core_member`.`real_name`, `core_member`.`image_url`, `core_member`.`birth`, `core_member`.`reg_role`, `core_member`.`age`, `core_member`.`gender`, `core_member`.`address`, `core_member`.`created_at`, `core_member`.`updated_at`, `core_member`.`salt`, `core_member`.`reg_from`, `core_member`.`phone`, `core_member`.`cellphone`, `core_member`.`nickname`, `core_member`.`domain`, `core_member`.`row_id`, `core_member`.`fname`, `core_member`.`lname`, `core_member`.`quota`, `core_member`.`last_login`, `core_member`.`rel_teacher` FROM `core_member` WHERE (`core_member`.`username` = 'sss'  AND `core_member`.`password` = 'sss' ); args=(u'sss', u'sss')
DEBUG sss
DEBUG 1
DEBUG (0.000) SELECT `django_session`.`session_key`, `django_session`.`session_data`, `django_session`.`expire_date` FROM `django_session` WHERE (`django_session`.`session_key` = 'os1zyb98u8p5iriczwmkj8oq2u2p41rg'  AND `django_session`.`expire_date` > '2014-01-24 07:30:29' ); args=('os1zyb98u8p5iriczwmkj8oq2u2p41rg', u'2014-01-24 07:30:29')
DEBUG (0.000) SELECT `core_member`.`id`, `core_member`.`username`, `core_member`.`password`, `core_member`.`email`, `core_member`.`status`, `core_member`.`real_name`, `core_member`.`image_url`, `core_member`.`birth`, `core_member`.`reg_role`, `core_member`.`age`, `core_member`.`gender`, `core_member`.`address`, `core_member`.`created_at`, `core_member`.`updated_at`, `core_member`.`salt`, `core_member`.`reg_from`, `core_member`.`phone`, `core_member`.`cellphone`, `core_member`.`nickname`, `core_member`.`domain`, `core_member`.`row_id`, `core_member`.`fname`, `core_member`.`lname`, `core_member`.`quota`, `core_member`.`last_login`, `core_member`.`rel_teacher` FROM `core_member` WHERE (`core_member`.`username` = 'joneslin'  AND `core_member`.`password` = 'eee' ); args=(u'joneslin', u'eee')
DEBUG (0.001) SELECT `django_session`.`session_key`, `django_session`.`session_data`, `django_session`.`expire_date` FROM `django_session` WHERE (`django_session`.`session_key` = 'os1zyb98u8p5iriczwmkj8oq2u2p41rg'  AND `django_session`.`expire_date` > '2014-01-24 07:30:36' ); args=('os1zyb98u8p5iriczwmkj8oq2u2p41rg', u'2014-01-24 07:30:36')
DEBUG (0.000) SELECT `core_member`.`id`, `core_member`.`username`, `core_member`.`password`, `core_member`.`email`, `core_member`.`status`, `core_member`.`real_name`, `core_member`.`image_url`, `core_member`.`birth`, `core_member`.`reg_role`, `core_member`.`age`, `core_member`.`gender`, `core_member`.`address`, `core_member`.`created_at`, `core_member`.`updated_at`, `core_member`.`salt`, `core_member`.`reg_from`, `core_member`.`phone`, `core_member`.`cellphone`, `core_member`.`nickname`, `core_member`.`domain`, `core_member`.`row_id`, `core_member`.`fname`, `core_member`.`lname`, `core_member`.`quota`, `core_member`.`last_login`, `core_member`.`rel_teacher` FROM `core_member` WHERE (`core_member`.`username` = 'ruby'  AND `core_member`.`password` = '123456' ); args=(u'ruby', u'123456')
DEBUG (0.261) UPDATE `django_session` SET `session_data` = 'MDc1NDNjMjM2YTU0NTE3NGJhZTZlYjM2YTdhNWJjYTU5NzI3ODhjNTp7InVzZXJfaWQiOjF9', `expire_date` = '2014-02-07 07:30:36' WHERE `django_session`.`session_key` = 'os1zyb98u8p5iriczwmkj8oq2u2p41rg' ; args=(u'MDc1NDNjMjM2YTU0NTE3NGJhZTZlYjM2YTdhNWJjYTU5NzI3ODhjNTp7InVzZXJfaWQiOjF9', u'2014-02-07 07:30:36', 'os1zyb98u8p5iriczwmkj8oq2u2p41rg')
DEBUG (0.000) SELECT `django_session`.`session_key`, `django_session`.`session_data`, `django_session`.`expire_date` FROM `django_session` WHERE (`django_session`.`session_key` = 'os1zyb98u8p5iriczwmkj8oq2u2p41rg'  AND `django_session`.`expire_date` > '2014-01-24 07:30:37' ); args=('os1zyb98u8p5iriczwmkj8oq2u2p41rg', u'2014-01-24 07:30:37')
DEBUG (0.154) SELECT COUNT(*) FROM `core_blog` WHERE `core_blog`.`status` = 1 ; args=(1,)
DEBUG (0.010) SELECT `django_session`.`session_key`, `django_session`.`session_data`, `django_session`.`expire_date` FROM `django_session` WHERE (`django_session`.`session_key` = 'os1zyb98u8p5iriczwmkj8oq2u2p41rg'  AND `django_session`.`expire_date` > '2014-01-24 07:30:40' ); args=('os1zyb98u8p5iriczwmkj8oq2u2p41rg', u'2014-01-24 07:30:40')
DEBUG (0.000) SELECT `core_blog`.`id`, `core_blog`.`title`, `core_blog`.`member_id`, `core_blog`.`content`, `core_blog`.`blog_type`, `core_blog`.`status`, `core_blog`.`created_at`, `core_blog`.`updated_at`, `core_blog`.`description` FROM `core_blog` WHERE `core_blog`.`status` = 1  LIMIT 2; args=(1,)
DEBUG (0.000) SELECT `django_session`.`session_key`, `django_session`.`session_data`, `django_session`.`expire_date` FROM `django_session` WHERE (`django_session`.`session_key` = 'os1zyb98u8p5iriczwmkj8oq2u2p41rg'  AND `django_session`.`expire_date` > '2014-01-24 07:30:41' ); args=('os1zyb98u8p5iriczwmkj8oq2u2p41rg', u'2014-01-24 07:30:41')
DEBUG (0.014) UPDATE `django_session` SET `session_data` = 'ODA1Y2M0MTE2NDI1ODcwZDk5OTQ0ZmY1MTg5OWVlNjkxZDkyNTJmYjp7fQ==', `expire_date` = '2014-02-07 07:30:41' WHERE `django_session`.`session_key` = 'os1zyb98u8p5iriczwmkj8oq2u2p41rg' ; args=(u'ODA1Y2M0MTE2NDI1ODcwZDk5OTQ0ZmY1MTg5OWVlNjkxZDkyNTJmYjp7fQ==', u'2014-02-07 07:30:41', 'os1zyb98u8p5iriczwmkj8oq2u2p41rg')
DEBUG (0.001) SELECT `django_session`.`session_key`, `django_session`.`session_data`, `django_session`.`expire_date` FROM `django_session` WHERE (`django_session`.`session_key` = 'os1zyb98u8p5iriczwmkj8oq2u2p41rg'  AND `django_session`.`expire_date` > '2014-01-24 07:30:41' ); args=('os1zyb98u8p5iriczwmkj8oq2u2p41rg', u'2014-01-24 07:30:41')
DEBUG (0.001) SELECT `django_session`.`session_key`, `django_session`.`session_data`, `django_session`.`expire_date` FROM `django_session` WHERE (`django_session`.`session_key` = 'os1zyb98u8p5iriczwmkj8oq2u2p41rg'  AND `django_session`.`expire_date` > '2014-01-24 07:30:43' ); args=('os1zyb98u8p5iriczwmkj8oq2u2p41rg', u'2014-01-24 07:30:43')
